<?xml version="1.0" encoding="UTF-8"?>
<testng-results total="2" passed="2" failed="0" skipped="0">
  <reporter-output>
  </reporter-output>
  <suite started-at="2020-09-22T05:30:03Z" name="Surefire suite" finished-at="2020-09-22T05:31:06Z" duration-ms="62346">
    <groups>
    </groups>
    <test started-at="2020-09-22T05:30:03Z" name="Surefire test" finished-at="2020-09-22T05:31:06Z" duration-ms="62346">
      <class name="Complaint.Script.OtherComplaintTest">
        <test-method is-config="true" signature="preHook()[pri:0, instance:Complaint.Script.OtherComplaintTest@66982506]" started-at="2020-09-22T11:00:43Z" name="preHook" finished-at="2020-09-22T11:00:48Z" duration-ms="5142" status="PASS">
          <reporter-output>
          </reporter-output>
        </test-method> <!-- preHook -->
        <test-method signature="baseNavigator()[pri:0, instance:Complaint.Script.OtherComplaintTest@66982506]" started-at="2020-09-22T11:00:48Z" name="baseNavigator" finished-at="2020-09-22T11:01:05Z" duration-ms="16610" status="PASS">
          <reporter-output>
          </reporter-output>
        </test-method> <!-- baseNavigator -->
        <test-method is-config="true" signature="tearDown()[pri:0, instance:Complaint.Script.OtherComplaintTest@66982506]" started-at="2020-09-22T11:01:05Z" name="tearDown" finished-at="2020-09-22T11:01:06Z" duration-ms="705" status="PASS">
          <reporter-output>
          </reporter-output>
        </test-method> <!-- tearDown -->
      </class> <!-- Complaint.Script.OtherComplaintTest -->
      <class name="Complaint.Script.NBNComplaintTest">
        <test-method is-config="true" signature="preHook()[pri:0, instance:Complaint.Script.NBNComplaintTest@72bc6553]" started-at="2020-09-22T11:00:03Z" name="preHook" finished-at="2020-09-22T11:00:08Z" duration-ms="4816" status="PASS">
          <reporter-output>
          </reporter-output>
        </test-method> <!-- preHook -->
        <test-method signature="baseNavigator()[pri:0, instance:Complaint.Script.NBNComplaintTest@72bc6553]" started-at="2020-09-22T11:00:08Z" name="baseNavigator" finished-at="2020-09-22T11:00:42Z" duration-ms="34364" status="PASS">
          <reporter-output>
          </reporter-output>
        </test-method> <!-- baseNavigator -->
        <test-method is-config="true" signature="tearDown()[pri:0, instance:Complaint.Script.NBNComplaintTest@72bc6553]" started-at="2020-09-22T11:00:42Z" name="tearDown" finished-at="2020-09-22T11:00:43Z" duration-ms="701" status="PASS">
          <reporter-output>
          </reporter-output>
        </test-method> <!-- tearDown -->
      </class> <!-- Complaint.Script.NBNComplaintTest -->
    </test> <!-- Surefire test -->
  </suite> <!-- Surefire suite -->
</testng-results>
