<?xml version="1.0" encoding="UTF-8"?>
<testng-results total="2" passed="2" failed="0" skipped="0">
  <reporter-output>
  </reporter-output>
  <suite started-at="2020-09-21T06:39:35Z" name="Suite" finished-at="2020-09-21T06:40:41Z" duration-ms="66166">
    <groups>
    </groups>
    <test started-at="2020-09-21T06:39:35Z" name="Test" finished-at="2020-09-21T06:40:41Z" duration-ms="66166">
      <class name="Complaint.Script.OtherComplaintTest">
        <test-method is-config="true" signature="preHook()[pri:0, instance:Complaint.Script.OtherComplaintTest@272113c4]" started-at="2020-09-21T12:09:35Z" name="preHook" finished-at="2020-09-21T12:09:40Z" duration-ms="5631" status="PASS">
          <reporter-output>
          </reporter-output>
        </test-method> <!-- preHook -->
        <test-method signature="baseNavigator()[pri:0, instance:Complaint.Script.OtherComplaintTest@272113c4]" started-at="2020-09-21T12:09:40Z" name="baseNavigator" finished-at="2020-09-21T12:09:59Z" duration-ms="18499" status="PASS">
          <reporter-output>
          </reporter-output>
        </test-method> <!-- baseNavigator -->
        <test-method is-config="true" signature="tearDown()[pri:0, instance:Complaint.Script.OtherComplaintTest@272113c4]" started-at="2020-09-21T12:09:59Z" name="tearDown" finished-at="2020-09-21T12:10:00Z" duration-ms="845" status="PASS">
          <reporter-output>
          </reporter-output>
        </test-method> <!-- tearDown -->
      </class> <!-- Complaint.Script.OtherComplaintTest -->
      <class name="Complaint.Script.NBNComplaintTest">
        <test-method is-config="true" signature="preHook()[pri:0, instance:Complaint.Script.NBNComplaintTest@73e9cf30]" started-at="2020-09-21T12:10:00Z" name="preHook" finished-at="2020-09-21T12:10:05Z" duration-ms="5433" status="PASS">
          <reporter-output>
          </reporter-output>
        </test-method> <!-- preHook -->
        <test-method signature="baseNavigator()[pri:0, instance:Complaint.Script.NBNComplaintTest@73e9cf30]" started-at="2020-09-21T12:10:05Z" name="baseNavigator" finished-at="2020-09-21T12:10:40Z" duration-ms="35063" status="PASS">
          <reporter-output>
          </reporter-output>
        </test-method> <!-- baseNavigator -->
        <test-method is-config="true" signature="tearDown()[pri:0, instance:Complaint.Script.NBNComplaintTest@73e9cf30]" started-at="2020-09-21T12:10:40Z" name="tearDown" finished-at="2020-09-21T12:10:41Z" duration-ms="683" status="PASS">
          <reporter-output>
          </reporter-output>
        </test-method> <!-- tearDown -->
      </class> <!-- Complaint.Script.NBNComplaintTest -->
    </test> <!-- Test -->
  </suite> <!-- Suite -->
</testng-results>
